<?xml version="1.0" encoding="UTF-8"?>
<!-- Generated by org.testng.reporters.JUnitReportReporter -->
<testsuite skipped="1" hostname="LAPTOP-VSB650SS" name="org.in.on.Greens" tests="7" failures="0" timestamp="23 Mar 2020 15:02:18 GMT" time="0.047" errors="0">
  <testcase name="test4" time="0.016" classname="org.in.on.Greens"/>
  <testcase name="test2" time="0.000" classname="org.in.on.Greens"/>
  <testcase name="test2" time="0.000" classname="org.in.on.Greens"/>
  <testcase name="test5" time="0.016" classname="org.in.on.Greens"/>
  <testcase name="test2" time="0.015" classname="org.in.on.Greens"/>
  <testcase name="test1" time="0.000" classname="org.in.on.Greens"/>
  <testcase name="test3" classname="org.in.on.Greens">
    <skipped/>
  </testcase> <!-- test3 -->
</testsuite> <!-- org.in.on.Greens -->
